<?xml version="1.0" encoding="UTF-8"?>
<testng-results ignored="0" total="1" passed="1" failed="0" skipped="0">
  <reporter-output>
  </reporter-output>
  <suite started-at="2023-02-19T18:23:45 IST" name="Default suite" finished-at="2023-02-19T18:24:08 IST" duration-ms="23251">
    <groups>
    </groups>
    <test started-at="2023-02-19T18:23:45 IST" name="Default test" finished-at="2023-02-19T18:24:08 IST" duration-ms="23251">
      <class name="TestScript.fourthTest">
        <test-method is-config="true" signature="ClassConfiguration()[pri:0, instance:TestScript.fourthTest@c88a337]" started-at="2023-02-19T18:23:45 IST" name="ClassConfiguration" finished-at="2023-02-19T18:23:49 IST" duration-ms="4017" status="PASS">
          <reporter-output>
          </reporter-output>
        </test-method> <!-- ClassConfiguration -->
        <test-method is-config="true" signature="methodConfiguration()[pri:0, instance:TestScript.fourthTest@c88a337]" started-at="2023-02-19T18:23:49 IST" name="methodConfiguration" finished-at="2023-02-19T18:23:58 IST" duration-ms="9330" status="PASS">
          <reporter-output>
          </reporter-output>
        </test-method> <!-- methodConfiguration -->
        <test-method signature="fourthtest()[pri:0, instance:TestScript.fourthTest@c88a337]" started-at="2023-02-19T18:23:58 IST" name="fourthtest" finished-at="2023-02-19T18:24:07 IST" duration-ms="8795" status="PASS">
          <reporter-output>
          </reporter-output>
        </test-method> <!-- fourthtest -->
        <test-method is-config="true" signature="methodTearDown()[pri:0, instance:TestScript.fourthTest@c88a337]" started-at="2023-02-19T18:24:07 IST" name="methodTearDown" finished-at="2023-02-19T18:24:08 IST" duration-ms="871" status="PASS">
          <reporter-output>
          </reporter-output>
        </test-method> <!-- methodTearDown -->
        <test-method is-config="true" signature="classtearDown()[pri:0, instance:TestScript.fourthTest@c88a337]" started-at="2023-02-19T18:24:08 IST" name="classtearDown" finished-at="2023-02-19T18:24:08 IST" duration-ms="0" status="PASS">
          <reporter-output>
          </reporter-output>
        </test-method> <!-- classtearDown -->
      </class> <!-- TestScript.fourthTest -->
    </test> <!-- Default test -->
  </suite> <!-- Default suite -->
</testng-results>
